<?xml version="1.0" encoding="UTF-8"?>
<testsuite name="ru.stqa.pft.addressbook.tests.ContactCreationTests" tests="2" skipped="0" failures="0" errors="0" timestamp="2018-04-25T21:29:12" hostname="IlonaZakharova" time="8.946">
  <properties/>
  <testcase name="testContactCreation[0](ContactData{id='2147483647', firstName='Ilona 0', lastName='Zakharova 0'})" classname="ru.stqa.pft.addressbook.tests.ContactCreationTests" time="5.228"/>
  <testcase name="testContactCreation[1](ContactData{id='2147483647', firstName='Ilona 1', lastName='Zakharova 1'})" classname="ru.stqa.pft.addressbook.tests.ContactCreationTests" time="3.718"/>
  <system-out><![CDATA[]]></system-out>
  <system-err><![CDATA[]]></system-err>
</testsuite>
